python3: can't open file '/home/count_timohin/movies/bot.py': [Errno 2] No such file or directory
[main 4259e77] Обновление базы через бота
 4 files changed, 48 insertions(+), 1 deletion(-)
 create mode 100644 covers/movie_1233413.jpg
 create mode 100644 nohup.out
To https://github.com/timtimohin/movies.git
   a915e8c..4259e77  main -> main
[main f7ba2e2] Обновление базы через бота
 4 files changed, 54 insertions(+), 39 deletions(-)
 create mode 100644 covers/movie_157336.jpg
To https://github.com/timtimohin/movies.git
   4259e77..f7ba2e2  main -> main
[main 1f66b53] Обновление базы через бота
 9 files changed, 227 insertions(+), 2 deletions(-)
 create mode 100644 covers/movie_1655696.jpg
 create mode 100644 covers/movie_522627.jpg
 create mode 100644 covers/movie_739405.jpg
 create mode 100644 covers/tv_1396.jpg
 create mode 100644 covers/tv_236235.jpg
 create mode 100644 covers/tv_60059.jpg
To https://github.com/timtimohin/movies.git
   f7ba2e2..1f66b53  main -> main
[main e9c2630] Обновление базы через бота
 4 files changed, 52 insertions(+), 2 deletions(-)
 create mode 100644 covers/tv_74440.jpg
To https://github.com/timtimohin/movies.git
   1f66b53..e9c2630  main -> main
[main d0fe7de] Обновление базы через бота
 24 files changed, 941 insertions(+), 2 deletions(-)
 create mode 100644 covers/movie_126889.jpg
 create mode 100644 covers/movie_149.jpg
 create mode 100644 covers/movie_4977.jpg
 create mode 100644 covers/movie_508439.jpg
 create mode 100644 covers/movie_550988.jpg
 create mode 100644 covers/movie_634649.jpg
 create mode 100644 covers/movie_687163.jpg
 create mode 100644 covers/movie_70981.jpg
 create mode 100644 covers/movie_752623.jpg
 create mode 100644 covers/movie_76341.jpg
 create mode 100644 covers/movie_916224.jpg
 create mode 100644 covers/movie_945961.jpg
 create mode 100644 covers/tv_1100.jpg
 create mode 100644 covers/tv_1429.jpg
 create mode 100644 covers/tv_224372.jpg
 create mode 100644 covers/tv_30991.jpg
 create mode 100644 covers/tv_61459.jpg
 create mode 100644 covers/tv_71912.jpg
 create mode 100644 covers/tv_73586.jpg
 create mode 100644 covers/tv_87108.jpg
 create mode 100644 covers/tv_87739.jpg
To https://github.com/timtimohin/movies.git
   e9c2630..d0fe7de  main -> main
[main a743a18] Обновление базы через бота
 12 files changed, 421 insertions(+), 2 deletions(-)
 create mode 100644 covers/movie_545611.jpg
 create mode 100644 covers/movie_762504.jpg
 create mode 100644 covers/movie_933260.jpg
 create mode 100644 covers/movie_9352.jpg
 create mode 100644 covers/tv_100088.jpg
 create mode 100644 covers/tv_225180.jpg
 create mode 100644 covers/tv_81356.jpg
 create mode 100644 covers/tv_88329.jpg
 create mode 100644 covers/tv_94605.jpg
To https://github.com/timtimohin/movies.git
   d0fe7de..a743a18  main -> main
[main 35dba3f] Обновление базы через бота
 17 files changed, 651 insertions(+), 2 deletions(-)
 create mode 100644 covers/movie_296096.jpg
 create mode 100644 covers/movie_300668.jpg
 create mode 100644 covers/movie_346685.jpg
 create mode 100644 covers/movie_359940.jpg
 create mode 100644 covers/movie_446021.jpg
 create mode 100644 covers/movie_493529.jpg
 create mode 100644 covers/movie_501170.jpg
 create mode 100644 covers/movie_526007.jpg
 create mode 100644 covers/movie_582014.jpg
 create mode 100644 covers/movie_645710.jpg
 create mode 100644 covers/movie_694.jpg
 create mode 100644 covers/movie_884605.jpg
 create mode 100644 covers/movie_974931.jpg
 create mode 100644 covers/tv_39758.jpg
To https://github.com/timtimohin/movies.git
   a743a18..35dba3f  main -> main
[main 1ccf2d4] Обновление базы через бота
 1 file changed, 18 insertions(+)
To https://github.com/timtimohin/movies.git
   35dba3f..1ccf2d4  main -> main
Traceback (most recent call last):
  File "/home/count_timohin/movies/bot.py", line 16, in <module>
    ADMIN_ID = int(os.getenv('ADMIN_ID'))
TypeError: int() argument must be a string, a bytes-like object or a real number, not 'NoneType'
Traceback (most recent call last):
  File "/home/count_timohin/movies/bot.py", line 16, in <module>
    ADMIN_ID = int(os.getenv('ADMIN_ID'))
TypeError: int() argument must be a string, a bytes-like object or a real number, not 'NoneType'
[main 25a7027] Обновление базы через бота
 2 files changed, 2958 insertions(+), 978 deletions(-)
To https://github.com/timtimohin/movies.git
   c4b00af..25a7027  main -> main
[main 2b8d329] Обновление базы через бота
 10 files changed, 259 insertions(+), 2 deletions(-)
 create mode 100644 covers/movie_37056.jpg
 create mode 100644 covers/movie_375108.jpg
 create mode 100644 covers/movie_49730.jpg
 create mode 100644 covers/movie_614560.jpg
 create mode 100644 covers/movie_662090.jpg
 create mode 100644 covers/movie_79548.jpg
 create mode 100644 covers/movie_961323.jpg
To https://github.com/timtimohin/movies.git
   25a7027..2b8d329  main -> main
[main 3bbfee0] Обновление базы через бота
 6 files changed, 162 insertions(+), 2 deletions(-)
 create mode 100644 covers/movie_11495.jpg
 create mode 100644 covers/movie_418879.jpg
 create mode 100644 covers/movie_471506.jpg
To https://github.com/timtimohin/movies.git
   2b8d329..3bbfee0  main -> main
[main 0e0b8e2] Обновление базы через бота
 21 files changed, 908 insertions(+), 95 deletions(-)
 create mode 100644 covers/movie_116.jpg
 create mode 100644 covers/movie_170687.jpg
 create mode 100644 covers/movie_430162.jpg
 create mode 100644 covers/movie_435129.jpg
 create mode 100644 covers/movie_441130.jpg
 create mode 100644 covers/movie_447365.jpg
 create mode 100644 covers/movie_453395.jpg
 create mode 100644 covers/movie_458253.jpg
 create mode 100644 covers/movie_466420.jpg
 create mode 100644 covers/movie_497698.jpg
 create mode 100644 covers/movie_505642.jpg
 create mode 100644 covers/movie_560052.jpg
 create mode 100644 covers/movie_566525.jpg
 create mode 100644 covers/movie_616037.jpg
 create mode 100644 covers/movie_77174.jpg
 create mode 100644 covers/movie_9264.jpg
 create mode 100644 covers/movie_956842.jpg
 create mode 100644 covers/tv_82856.jpg
To https://github.com/timtimohin/movies.git
   3bbfee0..0e0b8e2  main -> main
